<?xml version="1.0" encoding="UTF-8"?>
<testng-results skipped="0" failed="0" ignored="0" total="1" passed="1">
  <reporter-output>
  </reporter-output>
  <suite name="Default suite" duration-ms="34198" started-at="2020-04-27T16:53:51 NPT" finished-at="2020-04-27T16:54:25 NPT">
    <groups>
    </groups>
    <test name="Default test" duration-ms="34198" started-at="2020-04-27T16:53:51 NPT" finished-at="2020-04-27T16:54:25 NPT">
      <class name="com.munin.TestPages.SignUpPagetTest">
        <test-method status="PASS" signature="Initialization()[pri:0, instance:com.munin.TestPages.SignUpPagetTest@64729b1e]" name="Initialization" is-config="true" duration-ms="26822" started-at="2020-04-27T16:53:51 NPT" finished-at="2020-04-27T16:54:18 NPT">
          <reporter-output>
          </reporter-output>
        </test-method> <!-- Initialization -->
        <test-method status="PASS" signature="SearchForCheeseTest()[pri:0, instance:com.munin.TestPages.SignUpPagetTest@64729b1e]" name="SearchForCheeseTest" duration-ms="7310" started-at="2020-04-27T16:54:18 NPT" finished-at="2020-04-27T16:54:25 NPT">
          <reporter-output>
          </reporter-output>
        </test-method> <!-- SearchForCheeseTest -->
      </class> <!-- com.munin.TestPages.SignUpPagetTest -->
    </test> <!-- Default test -->
  </suite> <!-- Default suite -->
</testng-results>
